Apr 13, 2016 10:04:06 AM oracle.mds
NOTIFICATION: PManager instance is created without multitenancy support as JVM flag "oracle.multitenant.enabled" is not set to enable multitenancy support.
Apr 13, 2016 10:04:06 AM oracle.security.jps.internal.config.xml.XmlConfigurationFactory initDefaultConfiguration
SEVERE: java.io.FileNotFoundException: .\config\jps-config.xml (The system cannot find the path specified)
Apr 13, 2016 10:04:06 AM oracle.mds
NOTIFICATION: Auditing is disabled for component MDS.
Apr 13, 2016 10:04:07 AM oracle.fabric.common.wsdl.SchemaManager isIncrementalBuildSupported
INFO: XMLSchema incremental build enabled.
Apr 13, 2016 10:04:08 AM com.collaxa.cube.CubeLogger info
INFO: validating "BPEL_Invoker.bpel" ...
Apr 13, 2016 10:04:09 AM oracle.integration.platform.blocks.FabricConfigManager <clinit>
WARNING: JRF is unable to determine the current application server platform.
Apr 13, 2016 10:04:09 AM oracle.integration.platform.blocks.WLSPlatformConfigurationProvider <clinit>
WARNING: JRF is unable to determine the current application server platform.
Apr 13, 2016 10:04:10 AM com.collaxa.cube.CubeLogger info
INFO: Composed "BPEL_Invoker" in 106.9 milliseconds [nodes 6=0+6, 56.1 nodes/sec]
Apr 13, 2016 10:04:17 AM com.collaxa.cube.CubeLogger info
INFO: Compiled "BPEL_Invoker" in 7.541 seconds
Apr 13, 2016 10:04:17 AM com.collaxa.cube.CubeLogger info
INFO: Gathered 3 files in 1.7 milliseconds

Apr 13, 2016 10:04:17 AM com.collaxa.cube.CubeLogger info
INFO: Packaged "BPEL_Invoker" in 33.3 milliseconds

